Vivado Simulator v2024.2.0
Copyright 1986-2022 Xilinx, Inc. All Rights Reserved.
Copyright 2022-2024 Advanced Micro Devices, Inc. All Rights Reserved.
Running: D:/Xilinx/Vivado/2024.2/bin/unwrapped/win64.o/xelab.exe --incr --debug typical --relax --mt 2 -L xil_defaultlib -L unisims_ver -L unimacro_ver -L secureip --snapshot tb_SingleCycleCPU_behav xil_defaultlib.tb_SingleCycleCPU xil_defaultlib.glbl -log elaborate.log 
Using 2 slave threads.
Starting static elaboration
Pass Through NonSizing Optimizer
Completed static elaboration
Starting simulation data flow analysis
WARNING: [XSIM 43-4099] "D:/vivado_project/SingleCycleCPU/SingleCycleCPU.srcs/sources_1/new/SingleCycleCPU.v" Line 1. Module SingleCycleCPU doesn't have a timescale but at least one module in design has a timescale.
WARNING: [XSIM 43-4099] "D:/vivado_project/SingleCycleCPU/SingleCycleCPU.srcs/sources_1/new/Controller.v" Line 1. Module Controller doesn't have a timescale but at least one module in design has a timescale.
WARNING: [XSIM 43-4099] "D:/vivado_project/SingleCycleCPU/SingleCycleCPU.srcs/sources_1/new/MController.v" Line 1. Module MController doesn't have a timescale but at least one module in design has a timescale.
WARNING: [XSIM 43-4099] "D:/vivado_project/SingleCycleCPU/SingleCycleCPU.srcs/sources_1/new/ALU_Controller.v" Line 1. Module ALU_Controller doesn't have a timescale but at least one module in design has a timescale.
WARNING: [XSIM 43-4099] "D:/vivado_project/SingleCycleCPU/SingleCycleCPU.srcs/sources_1/new/DataPath.v" Line 1. Module DataPath doesn't have a timescale but at least one module in design has a timescale.
WARNING: [XSIM 43-4099] "D:/vivado_project/SingleCycleCPU/SingleCycleCPU.srcs/sources_1/new/PC_Register.v" Line 1. Module PC_Register doesn't have a timescale but at least one module in design has a timescale.
WARNING: [XSIM 43-4099] "D:/vivado_project/SingleCycleCPU/SingleCycleCPU.srcs/sources_1/new/Instruction_Memory.v" Line 1. Module Instruction_Memory doesn't have a timescale but at least one module in design has a timescale.
WARNING: [XSIM 43-4099] "D:/vivado_project/SingleCycleCPU/SingleCycleCPU.srcs/sources_1/new/Register_File.v" Line 1. Module Register_File doesn't have a timescale but at least one module in design has a timescale.
WARNING: [XSIM 43-4099] "D:/vivado_project/SingleCycleCPU/SingleCycleCPU.srcs/sources_1/new/ALU.v" Line 1. Module ALU doesn't have a timescale but at least one module in design has a timescale.
WARNING: [XSIM 43-4099] "D:/vivado_project/SingleCycleCPU/SingleCycleCPU.srcs/sources_1/new/Data_Memory.v" Line 1. Module Data_Memory doesn't have a timescale but at least one module in design has a timescale.
WARNING: [XSIM 43-4099] "D:/vivado_project/SingleCycleCPU/SingleCycleCPU.srcs/sources_1/new/SingleCycleCPU.v" Line 1. Module SingleCycleCPU doesn't have a timescale but at least one module in design has a timescale.
WARNING: [XSIM 43-4099] "D:/vivado_project/SingleCycleCPU/SingleCycleCPU.srcs/sources_1/new/Controller.v" Line 1. Module Controller doesn't have a timescale but at least one module in design has a timescale.
WARNING: [XSIM 43-4099] "D:/vivado_project/SingleCycleCPU/SingleCycleCPU.srcs/sources_1/new/MController.v" Line 1. Module MController doesn't have a timescale but at least one module in design has a timescale.
WARNING: [XSIM 43-4099] "D:/vivado_project/SingleCycleCPU/SingleCycleCPU.srcs/sources_1/new/ALU_Controller.v" Line 1. Module ALU_Controller doesn't have a timescale but at least one module in design has a timescale.
WARNING: [XSIM 43-4099] "D:/vivado_project/SingleCycleCPU/SingleCycleCPU.srcs/sources_1/new/DataPath.v" Line 1. Module DataPath doesn't have a timescale but at least one module in design has a timescale.
WARNING: [XSIM 43-4099] "D:/vivado_project/SingleCycleCPU/SingleCycleCPU.srcs/sources_1/new/PC_Register.v" Line 1. Module PC_Register doesn't have a timescale but at least one module in design has a timescale.
WARNING: [XSIM 43-4099] "D:/vivado_project/SingleCycleCPU/SingleCycleCPU.srcs/sources_1/new/Instruction_Memory.v" Line 1. Module Instruction_Memory doesn't have a timescale but at least one module in design has a timescale.
WARNING: [XSIM 43-4099] "D:/vivado_project/SingleCycleCPU/SingleCycleCPU.srcs/sources_1/new/Register_File.v" Line 1. Module Register_File doesn't have a timescale but at least one module in design has a timescale.
WARNING: [XSIM 43-4099] "D:/vivado_project/SingleCycleCPU/SingleCycleCPU.srcs/sources_1/new/ALU.v" Line 1. Module ALU doesn't have a timescale but at least one module in design has a timescale.
WARNING: [XSIM 43-4099] "D:/vivado_project/SingleCycleCPU/SingleCycleCPU.srcs/sources_1/new/Data_Memory.v" Line 1. Module Data_Memory doesn't have a timescale but at least one module in design has a timescale.
Completed simulation data flow analysis
Time Resolution for simulation is 1ps
Compiling module xil_defaultlib.MController
Compiling module xil_defaultlib.ALU_Controller
Compiling module xil_defaultlib.Controller
Compiling module xil_defaultlib.PC_Register
Compiling module xil_defaultlib.Instruction_Memory
Compiling module xil_defaultlib.Register_File
Compiling module xil_defaultlib.ALU
Compiling module xil_defaultlib.Data_Memory
Compiling module xil_defaultlib.DataPath
Compiling module xil_defaultlib.SingleCycleCPU
Compiling module xil_defaultlib.tb_SingleCycleCPU
Compiling module xil_defaultlib.glbl
Built simulation snapshot tb_SingleCycleCPU_behav
