INFO: [VRFC 10-2263] Analyzing Verilog file "D:/vivado_project/SingleCycleCPU/SingleCycleCPU.srcs/sources_1/new/ALU.v" into library xil_defaultlib
INFO: [VRFC 10-311] analyzing module ALU
INFO: [VRFC 10-2263] Analyzing Verilog file "D:/vivado_project/SingleCycleCPU/SingleCycleCPU.srcs/sources_1/new/ALU_Controller.v" into library xil_defaultlib
INFO: [VRFC 10-311] analyzing module ALU_Controller
INFO: [VRFC 10-2263] Analyzing Verilog file "D:/vivado_project/SingleCycleCPU/SingleCycleCPU.srcs/sources_1/new/Controller.v" into library xil_defaultlib
INFO: [VRFC 10-311] analyzing module Controller
INFO: [VRFC 10-2263] Analyzing Verilog file "D:/vivado_project/SingleCycleCPU/SingleCycleCPU.srcs/sources_1/new/DataPath.v" into library xil_defaultlib
INFO: [VRFC 10-311] analyzing module DataPath
INFO: [VRFC 10-2263] Analyzing Verilog file "D:/vivado_project/SingleCycleCPU/SingleCycleCPU.srcs/sources_1/new/Data_Memory.v" into library xil_defaultlib
INFO: [VRFC 10-311] analyzing module Data_Memory
INFO: [VRFC 10-2263] Analyzing Verilog file "D:/vivado_project/SingleCycleCPU/SingleCycleCPU.srcs/sources_1/new/Instruction_Memory.v" into library xil_defaultlib
INFO: [VRFC 10-311] analyzing module Instruction_Memory
INFO: [VRFC 10-2263] Analyzing Verilog file "D:/vivado_project/SingleCycleCPU/SingleCycleCPU.srcs/sources_1/new/MController.v" into library xil_defaultlib
INFO: [VRFC 10-311] analyzing module MController
INFO: [VRFC 10-2263] Analyzing Verilog file "D:/vivado_project/SingleCycleCPU/SingleCycleCPU.srcs/sources_1/new/PC_Register.v" into library xil_defaultlib
INFO: [VRFC 10-311] analyzing module PC_Register
INFO: [VRFC 10-2263] Analyzing Verilog file "D:/vivado_project/SingleCycleCPU/SingleCycleCPU.srcs/sources_1/new/Register_File.v" into library xil_defaultlib
INFO: [VRFC 10-311] analyzing module Register_File
INFO: [VRFC 10-2263] Analyzing Verilog file "D:/vivado_project/SingleCycleCPU/SingleCycleCPU.srcs/sources_1/new/SingleCycleCPU.v" into library xil_defaultlib
INFO: [VRFC 10-311] analyzing module SingleCycleCPU
INFO: [VRFC 10-2263] Analyzing Verilog file "D:/vivado_project/SingleCycleCPU/SingleCycleCPU.srcs/sources_1/new/tb_SingleCycleCPU.v" into library xil_defaultlib
INFO: [VRFC 10-311] analyzing module tb_SingleCycleCPU
INFO: [VRFC 10-2263] Analyzing Verilog file "D:/vivado_project/SingleCycleCPU/SingleCycleCPU.sim/sim_1/behav/xsim/glbl.v" into library xil_defaultlib
INFO: [VRFC 10-311] analyzing module glbl
